INFO  [2016-10-30 22:56:19,224] org.mongodb.driver.cluster: Cluster created with settings {hosts=[localhost:27017], mode=MULTIPLE, requiredClusterType=UNKNOWN, serverSelectionTimeout='30000 ms', maxWaitQueueSize=500}
INFO  [2016-10-30 22:56:19,226] org.mongodb.driver.cluster: Adding discovered server localhost:27017 to client view of cluster
INFO  [2016-10-30 22:56:19,276] io.dropwizard.server.ServerFactory: Starting ServerBaymaxPi
INFO  [2016-10-30 22:56:19,277] org.mongodb.driver.cluster: Exception in monitor thread while connecting to server localhost:27017
! java.net.ConnectException: Conexión rehusada
! at java.net.PlainSocketImpl.socketConnect(Native Method) ~[na:1.8.0_66]
! at java.net.AbstractPlainSocketImpl.doConnect(AbstractPlainSocketImpl.java:350) ~[na:1.8.0_66]
! at java.net.AbstractPlainSocketImpl.connectToAddress(AbstractPlainSocketImpl.java:206) ~[na:1.8.0_66]
! at java.net.AbstractPlainSocketImpl.connect(AbstractPlainSocketImpl.java:188) ~[na:1.8.0_66]
! at java.net.SocksSocketImpl.connect(SocksSocketImpl.java:392) ~[na:1.8.0_66]
! at java.net.Socket.connect(Socket.java:589) ~[na:1.8.0_66]
! at com.mongodb.connection.SocketStreamHelper.initialize(SocketStreamHelper.java:50) ~[mongo-java-driver-3.2.2.jar:na]
! at com.mongodb.connection.SocketStream.open(SocketStream.java:58) ~[mongo-java-driver-3.2.2.jar:na]
! ... 3 common frames omitted
! Causing: com.mongodb.MongoSocketOpenException: Exception opening socket
! at com.mongodb.connection.SocketStream.open(SocketStream.java:63) ~[mongo-java-driver-3.2.2.jar:na]
! at com.mongodb.connection.InternalStreamConnection.open(InternalStreamConnection.java:114) ~[mongo-java-driver-3.2.2.jar:na]
! at com.mongodb.connection.DefaultServerMonitor$ServerMonitorRunnable.run(DefaultServerMonitor.java:128) ~[mongo-java-driver-3.2.2.jar:na]
! at java.lang.Thread.run(Thread.java:745) [na:1.8.0_66]
INFO  [2016-10-30 22:56:19,356] org.eclipse.jetty.setuid.SetUIDListener: Opened ServerBaymaxPi@24faea88{HTTP/1.1}{0.0.0.0:9050}
INFO  [2016-10-30 22:56:19,358] org.eclipse.jetty.server.Server: jetty-9.0.7.v20131107
INFO  [2016-10-30 22:56:19,588] com.sun.jersey.server.impl.application.WebApplicationImpl: Initiating Jersey application, version 'Jersey: 1.18.1 02/19/2014 03:28 AM'
INFO  [2016-10-30 22:56:19,685] io.dropwizard.jersey.DropwizardResourceConfig: The following paths were found for the configured resources:

    POST    /medical-data (co.uniandes.serverBaymaxPi.api.resources.MedicalDataResource)

INFO  [2016-10-30 22:56:19,885] org.eclipse.jetty.server.handler.ContextHandler: Started i.d.j.MutableServletContextHandler@70d8de{/server-baymaxpi/api,null,AVAILABLE}
INFO  [2016-10-30 22:56:19,889] io.dropwizard.setup.AdminEnvironment: tasks = 

    POST    /tasks/gc (io.dropwizard.servlets.tasks.GarbageCollectionTask)

WARN  [2016-10-30 22:56:19,889] io.dropwizard.setup.AdminEnvironment: 
!!!!!!!!!!!!!!!!!!!!!!!!!!!!!!!!!!!!!!!!!!!!!!!!!!!!!!!!!!!!!!!!!!!!!!!!!!!!!!!!
!!!!!!!!!!!!!!!!!!!!!!!!!!!!!!!!!!!!!!!!!!!!!!!!!!!!!!!!!!!!!!!!!!!!!!!!!!!!!!!!
!    THIS APPLICATION HAS NO HEALTHCHECKS. THIS MEANS YOU WILL NEVER KNOW      !
!     IF IT DIES IN PRODUCTION, WHICH MEANS YOU WILL NEVER KNOW IF YOU'RE      !
!    LETTING YOUR USERS DOWN. YOU SHOULD ADD A HEALTHCHECK FOR EACH OF YOUR    !
!         APPLICATION'S DEPENDENCIES WHICH FULLY (BUT LIGHTLY) TESTS IT.       !
!!!!!!!!!!!!!!!!!!!!!!!!!!!!!!!!!!!!!!!!!!!!!!!!!!!!!!!!!!!!!!!!!!!!!!!!!!!!!!!!
!!!!!!!!!!!!!!!!!!!!!!!!!!!!!!!!!!!!!!!!!!!!!!!!!!!!!!!!!!!!!!!!!!!!!!!!!!!!!!!!
INFO  [2016-10-30 22:56:19,893] org.eclipse.jetty.server.handler.ContextHandler: Started i.d.j.MutableServletContextHandler@2516fc68{/server-baymaxpi/admin,null,AVAILABLE}
INFO  [2016-10-30 22:56:19,914] org.eclipse.jetty.server.ServerConnector: Started ServerBaymaxPi@24faea88{HTTP/1.1}{0.0.0.0:9050}
INFO  [2016-10-30 23:05:18,743] org.eclipse.jetty.server.ServerConnector: Stopped ServerBaymaxPi@24faea88{HTTP/1.1}{0.0.0.0:9050}
INFO  [2016-10-30 23:05:18,744] org.eclipse.jetty.server.handler.ContextHandler: Stopped i.d.j.MutableServletContextHandler@2516fc68{/server-baymaxpi/admin,null,UNAVAILABLE}
INFO  [2016-10-30 23:05:18,744] org.eclipse.jetty.server.handler.ContextHandler: Stopped i.d.j.MutableServletContextHandler@70d8de{/server-baymaxpi/api,null,UNAVAILABLE}
INFO  [2016-10-30 23:05:25,547] org.mongodb.driver.cluster: Cluster created with settings {hosts=[localhost:27017], mode=MULTIPLE, requiredClusterType=UNKNOWN, serverSelectionTimeout='30000 ms', maxWaitQueueSize=500}
INFO  [2016-10-30 23:05:25,549] org.mongodb.driver.cluster: Adding discovered server localhost:27017 to client view of cluster
INFO  [2016-10-30 23:05:25,571] io.dropwizard.server.ServerFactory: Starting ServerBaymaxPi
INFO  [2016-10-30 23:05:25,611] org.eclipse.jetty.setuid.SetUIDListener: Opened ServerBaymaxPi@24faea88{HTTP/1.1}{0.0.0.0:9050}
INFO  [2016-10-30 23:05:25,613] org.eclipse.jetty.server.Server: jetty-9.0.7.v20131107
INFO  [2016-10-30 23:05:25,661] org.mongodb.driver.cluster: Exception in monitor thread while connecting to server localhost:27017
! com.mongodb.MongoCommandException: Command failed with error 18: 'Authentication failed.' on server localhost:27017. The full response is { "ok" : 0.0, "code" : 18, "errmsg" : "Authentication failed." }
! at com.mongodb.connection.CommandHelper.createCommandFailureException(CommandHelper.java:170) ~[mongo-java-driver-3.2.2.jar:na]
! at com.mongodb.connection.CommandHelper.receiveCommandResult(CommandHelper.java:123) ~[mongo-java-driver-3.2.2.jar:na]
! at com.mongodb.connection.CommandHelper.executeCommand(CommandHelper.java:32) ~[mongo-java-driver-3.2.2.jar:na]
! at com.mongodb.connection.SaslAuthenticator.sendSaslStart(SaslAuthenticator.java:95) ~[mongo-java-driver-3.2.2.jar:na]
! at com.mongodb.connection.SaslAuthenticator.authenticate(SaslAuthenticator.java:45) ~[mongo-java-driver-3.2.2.jar:na]
! ... 6 common frames omitted
! Causing: com.mongodb.MongoSecurityException: Exception authenticating MongoCredential{mechanism=null, userName='baymaxPi', source='baymaxPi', password=<hidden>, mechanismProperties={}}
! at com.mongodb.connection.SaslAuthenticator.authenticate(SaslAuthenticator.java:61) ~[mongo-java-driver-3.2.2.jar:na]
! at com.mongodb.connection.DefaultAuthenticator.authenticate(DefaultAuthenticator.java:32) ~[mongo-java-driver-3.2.2.jar:na]
! at com.mongodb.connection.InternalStreamConnectionInitializer.authenticateAll(InternalStreamConnectionInitializer.java:99) ~[mongo-java-driver-3.2.2.jar:na]
! at com.mongodb.connection.InternalStreamConnectionInitializer.initialize(InternalStreamConnectionInitializer.java:44) ~[mongo-java-driver-3.2.2.jar:na]
! at com.mongodb.connection.InternalStreamConnection.open(InternalStreamConnection.java:115) ~[mongo-java-driver-3.2.2.jar:na]
! at com.mongodb.connection.DefaultServerMonitor$ServerMonitorRunnable.run(DefaultServerMonitor.java:128) ~[mongo-java-driver-3.2.2.jar:na]
! at java.lang.Thread.run(Thread.java:745) [na:1.8.0_66]
INFO  [2016-10-30 23:05:25,723] com.sun.jersey.server.impl.application.WebApplicationImpl: Initiating Jersey application, version 'Jersey: 1.18.1 02/19/2014 03:28 AM'
INFO  [2016-10-30 23:05:25,771] io.dropwizard.jersey.DropwizardResourceConfig: The following paths were found for the configured resources:

    POST    /medical-data (co.uniandes.serverBaymaxPi.api.resources.MedicalDataResource)

INFO  [2016-10-30 23:05:25,890] org.eclipse.jetty.server.handler.ContextHandler: Started i.d.j.MutableServletContextHandler@70d8de{/server-baymaxpi/api,null,AVAILABLE}
INFO  [2016-10-30 23:05:25,893] io.dropwizard.setup.AdminEnvironment: tasks = 

    POST    /tasks/gc (io.dropwizard.servlets.tasks.GarbageCollectionTask)

WARN  [2016-10-30 23:05:25,893] io.dropwizard.setup.AdminEnvironment: 
!!!!!!!!!!!!!!!!!!!!!!!!!!!!!!!!!!!!!!!!!!!!!!!!!!!!!!!!!!!!!!!!!!!!!!!!!!!!!!!!
!!!!!!!!!!!!!!!!!!!!!!!!!!!!!!!!!!!!!!!!!!!!!!!!!!!!!!!!!!!!!!!!!!!!!!!!!!!!!!!!
!    THIS APPLICATION HAS NO HEALTHCHECKS. THIS MEANS YOU WILL NEVER KNOW      !
!     IF IT DIES IN PRODUCTION, WHICH MEANS YOU WILL NEVER KNOW IF YOU'RE      !
!    LETTING YOUR USERS DOWN. YOU SHOULD ADD A HEALTHCHECK FOR EACH OF YOUR    !
!         APPLICATION'S DEPENDENCIES WHICH FULLY (BUT LIGHTLY) TESTS IT.       !
!!!!!!!!!!!!!!!!!!!!!!!!!!!!!!!!!!!!!!!!!!!!!!!!!!!!!!!!!!!!!!!!!!!!!!!!!!!!!!!!
!!!!!!!!!!!!!!!!!!!!!!!!!!!!!!!!!!!!!!!!!!!!!!!!!!!!!!!!!!!!!!!!!!!!!!!!!!!!!!!!
INFO  [2016-10-30 23:05:25,897] org.eclipse.jetty.server.handler.ContextHandler: Started i.d.j.MutableServletContextHandler@2516fc68{/server-baymaxpi/admin,null,AVAILABLE}
INFO  [2016-10-30 23:05:25,901] org.eclipse.jetty.server.ServerConnector: Started ServerBaymaxPi@24faea88{HTTP/1.1}{0.0.0.0:9050}
INFO  [2016-10-30 23:05:32,889] org.eclipse.jetty.server.ServerConnector: Stopped ServerBaymaxPi@24faea88{HTTP/1.1}{0.0.0.0:9050}
INFO  [2016-10-30 23:05:32,889] org.eclipse.jetty.server.handler.ContextHandler: Stopped i.d.j.MutableServletContextHandler@2516fc68{/server-baymaxpi/admin,null,UNAVAILABLE}
INFO  [2016-10-30 23:05:32,890] org.eclipse.jetty.server.handler.ContextHandler: Stopped i.d.j.MutableServletContextHandler@70d8de{/server-baymaxpi/api,null,UNAVAILABLE}
